<?xml version="1.0" encoding="UTF-8"?>
<!-- Generated by org.testng.reporters.JUnitReportReporter -->
<testsuite skipped="0" hostname="DESKTOP-C2NQTD1" name="tests.LoginTest" tests="1" failures="0" timestamp="2022-04-19T01:23:23 EET" time="2.746" errors="0">
  <testcase name="UserCanLogin" time="2.746" classname="tests.LoginTest"/>
  <system-out/>
</testsuite> <!-- tests.LoginTest -->
